# JRE version: Java(TM) SE Runtime Environment (7.0_71-b14) (build 1.7.0_71-b14)
# Java VM: Java HotSpot(TM) Client VM (24.71-b01 mixed mode windows-x86 )
Heap
 par new generation   total 18432K, used 1080K [0x10200000, 0x11600000, 0x18200000)
  eden space 16384K,   3% used [0x10200000, 0x1027d368, 0x11200000)
  from space 2048K,  28% used [0x11400000, 0x11490ed8, 0x11600000)
  to   space 2048K,   0% used [0x11200000, 0x11200000, 0x11400000)
 concurrent mark-sweep generation total 44016K, used 35635K [0x18200000, 0x1acfc000, 0x30200000)
 concurrent-mark-sweep perm gen total 63392K, used 44575K [0x30200000, 0x33fe8000, 0x34200000)
GC Heap History (10 events):
Event: 77.797 GC heap before
{Heap before GC invocations=50 (full 4):
 par new generation   total 18432K, used 17393K [0x10200000, 0x11600000, 0x18200000)
  eden space 16384K, 100% used [0x10200000, 0x11200000, 0x11200000)
  from space 2048K,  49% used [0x11200000, 0x112fc510, 0x11400000)
  to   space 2048K,   0% used [0x11400000, 0x11400000, 0x11600000)
 concurrent mark-sweep generation total 44016K, used 33866K [0x18200000, 0x1acfc000, 0x30200000)
 concurrent-mark-sweep perm gen total 63392K, used 43190K [0x30200000, 0x33fe8000, 0x34200000)
Event: 77.801 GC heap after
Heap after GC invocations=51 (full 4):
 par new generation   total 18432K, used 1106K [0x10200000, 0x11600000, 0x18200000)
  eden space 16384K,   0% used [0x10200000, 0x10200000, 0x11200000)
  from space 2048K,  54% used [0x11400000, 0x115148c0, 0x11600000)
  to   space 2048K,   0% used [0x11200000, 0x11200000, 0x11400000)
 concurrent mark-sweep generation total 44016K, used 33866K [0x18200000, 0x1acfc000, 0x30200000)
 concurrent-mark-sweep perm gen total 63392K, used 43190K [0x30200000, 0x33fe8000, 0x34200000)
}
Event: 77.893 GC heap before
{Heap before GC invocations=51 (full 4):
 par new generation   total 18432K, used 17490K [0x10200000, 0x11600000, 0x18200000)
  eden space 16384K, 100% used [0x10200000, 0x11200000, 0x11200000)
  from space 2048K,  54% used [0x11400000, 0x115148c0, 0x11600000)
  to   space 2048K,   0% used [0x11200000, 0x11200000, 0x11400000)
 concurrent mark-sweep generation total 44016K, used 33866K [0x18200000, 0x1acfc000, 0x30200000)
 concurrent-mark-sweep perm gen total 63392K, used 43525K [0x30200000, 0x33fe8000, 0x34200000)
Event: 77.896 GC heap after
Heap after GC invocations=52 (full 4):
 par new generation   total 18432K, used 1477K [0x10200000, 0x11600000, 0x18200000)
  eden space 16384K,   0% used [0x10200000, 0x10200000, 0x11200000)
  from space 2048K,  72% used [0x11200000, 0x113714a0, 0x11400000)
  to   space 2048K,   0% used [0x11400000, 0x11400000, 0x11600000)
 concurrent mark-sweep generation total 44016K, used 33866K [0x18200000, 0x1acfc000, 0x30200000)
 concurrent-mark-sweep perm gen total 63392K, used 43525K [0x30200000, 0x33fe8000, 0x34200000)
}
Event: 78.258 GC heap before
{Heap before GC invocations=52 (full 4):
 par new generation   total 18432K, used 17861K [0x10200000, 0x11600000, 0x18200000)
  eden space 16384K, 100% used [0x10200000, 0x11200000, 0x11200000)
  from space 2048K,  72% used [0x11200000, 0x113714a0, 0x11400000)
  to   space 2048K,   0% used [0x11400000, 0x11400000, 0x11600000)
 concurrent mark-sweep generation total 44016K, used 33866K [0x18200000, 0x1acfc000, 0x30200000)
 concurrent-mark-sweep perm gen total 63392K, used 44421K [0x30200000, 0x33fe8000, 0x34200000)
Event: 78.263 GC heap after
Heap after GC invocations=53 (full 4):
 par new generation   total 18432K, used 2048K [0x10200000, 0x11600000, 0x18200000)
  eden space 16384K,   0% used [0x10200000, 0x10200000, 0x11200000)
  from space 2048K, 100% used [0x11400000, 0x11600000, 0x11600000)
  to   space 2048K,   0% used [0x11200000, 0x11200000, 0x11400000)
 concurrent mark-sweep generation total 44016K, used 34282K [0x18200000, 0x1acfc000, 0x30200000)
 concurrent-mark-sweep perm gen total 63392K, used 44421K [0x30200000, 0x33fe8000, 0x34200000)
}
Event: 81.588 GC heap before
{Heap before GC invocations=53 (full 4):
 par new generation   total 18432K, used 18432K [0x10200000, 0x11600000, 0x18200000)
  eden space 16384K, 100% used [0x10200000, 0x11200000, 0x11200000)
  from space 2048K, 100% used [0x11400000, 0x11600000, 0x11600000)
  to   space 2048K,   0% used [0x11200000, 0x11200000, 0x11400000)
 concurrent mark-sweep generation total 44016K, used 34282K [0x18200000, 0x1acfc000, 0x30200000)
 concurrent-mark-sweep perm gen total 63392K, used 44575K [0x30200000, 0x33fe8000, 0x34200000)
Event: 81.594 GC heap after
Heap after GC invocations=54 (full 4):
 par new generation   total 18432K, used 1756K [0x10200000, 0x11600000, 0x18200000)
  eden space 16384K,   0% used [0x10200000, 0x10200000, 0x11200000)
  from space 2048K,  85% used [0x11200000, 0x113b73e8, 0x11400000)
  to   space 2048K,   0% used [0x11400000, 0x11400000, 0x11600000)
 concurrent mark-sweep generation total 44016K, used 35222K [0x18200000, 0x1acfc000, 0x30200000)
 concurrent-mark-sweep perm gen total 63392K, used 44575K [0x30200000, 0x33fe8000, 0x34200000)
}
Event: 84.285 GC heap before
{Heap before GC invocations=54 (full 4):
 par new generation   total 18432K, used 18140K [0x10200000, 0x11600000, 0x18200000)
  eden space 16384K, 100% used [0x10200000, 0x11200000, 0x11200000)
  from space 2048K,  85% used [0x11200000, 0x113b73e8, 0x11400000)
  to   space 2048K,   0% used [0x11400000, 0x11400000, 0x11600000)
 concurrent mark-sweep generation total 44016K, used 35222K [0x18200000, 0x1acfc000, 0x30200000)
 concurrent-mark-sweep perm gen total 63392K, used 44575K [0x30200000, 0x33fe8000, 0x34200000)
Event: 84.289 GC heap after
Heap after GC invocations=55 (full 4):
 par new generation   total 18432K, used 579K [0x10200000, 0x11600000, 0x18200000)
  eden space 16384K,   0% used [0x10200000, 0x10200000, 0x11200000)
  from space 2048K,  28% used [0x11400000, 0x11490ed8, 0x11600000)
  to   space 2048K,   0% used [0x11200000, 0x11200000, 0x11400000)
 concurrent mark-sweep generation total 44016K, used 35635K [0x18200000, 0x1acfc000, 0x30200000)
 concurrent-mark-sweep perm gen total 63392K, used 44575K [0x30200000, 0x33fe8000, 0x34200000)
}

