# JRE version: Java(TM) SE Runtime Environment (7.0_71-b14) (build 1.7.0_71-b14)
# Java VM: Java HotSpot(TM) Client VM (24.71-b01 mixed mode windows-x86 )
Heap
 par new generation   total 18432K, used 17934K [0x10200000, 0x11600000, 0x18200000)
  eden space 16384K,  97% used [0x10200000, 0x111adb88, 0x11200000)
  from space 2048K,  91% used [0x11200000, 0x113d5df8, 0x11400000)
  to   space 2048K,   0% used [0x11400000, 0x11400000, 0x11600000)
 concurrent mark-sweep generation total 50232K, used 37535K [0x18200000, 0x1b30e000, 0x30200000)
 concurrent-mark-sweep perm gen total 65536K, used 44854K [0x30200000, 0x34200000, 0x34200000)
GC Heap History (10 events):
Event: 355.829 GC heap before
{Heap before GC invocations=101 (full 7):
 par new generation   total 18432K, used 17585K [0x10200000, 0x11600000, 0x18200000)
  eden space 16384K, 100% used [0x10200000, 0x11200000, 0x11200000)
  from space 2048K,  58% used [0x11400000, 0x1152c7d8, 0x11600000)
  to   space 2048K,   0% used [0x11200000, 0x11200000, 0x11400000)
 concurrent mark-sweep generation total 50232K, used 35847K [0x18200000, 0x1b30e000, 0x30200000)
 concurrent-mark-sweep perm gen total 65536K, used 43971K [0x30200000, 0x34200000, 0x34200000)
Event: 355.834 GC heap after
Heap after GC invocations=102 (full 7):
 par new generation   total 18432K, used 2048K [0x10200000, 0x11600000, 0x18200000)
  eden space 16384K,   0% used [0x10200000, 0x10200000, 0x11200000)
  from space 2048K, 100% used [0x11200000, 0x11400000, 0x11400000)
  to   space 2048K,   0% used [0x11400000, 0x11400000, 0x11600000)
 concurrent mark-sweep generation total 50232K, used 35994K [0x18200000, 0x1b30e000, 0x30200000)
 concurrent-mark-sweep perm gen total 65536K, used 43971K [0x30200000, 0x34200000, 0x34200000)
}
Event: 356.161 GC heap before
{Heap before GC invocations=102 (full 7):
 par new generation   total 18432K, used 18432K [0x10200000, 0x11600000, 0x18200000)
  eden space 16384K, 100% used [0x10200000, 0x11200000, 0x11200000)
  from space 2048K, 100% used [0x11200000, 0x11400000, 0x11400000)
  to   space 2048K,   0% used [0x11400000, 0x11400000, 0x11600000)
 concurrent mark-sweep generation total 50232K, used 35994K [0x18200000, 0x1b30e000, 0x30200000)
 concurrent-mark-sweep perm gen total 65536K, used 44602K [0x30200000, 0x34200000, 0x34200000)
Event: 356.166 GC heap after
Heap after GC invocations=103 (full 7):
 par new generation   total 18432K, used 2027K [0x10200000, 0x11600000, 0x18200000)
  eden space 16384K,   0% used [0x10200000, 0x10200000, 0x11200000)
  from space 2048K,  99% used [0x11400000, 0x115fae68, 0x11600000)
  to   space 2048K,   0% used [0x11200000, 0x11200000, 0x11400000)
 concurrent mark-sweep generation total 50232K, used 36619K [0x18200000, 0x1b30e000, 0x30200000)
 concurrent-mark-sweep perm gen total 65536K, used 44602K [0x30200000, 0x34200000, 0x34200000)
}
Event: 358.546 GC heap before
{Heap before GC invocations=103 (full 7):
 par new generation   total 18432K, used 18411K [0x10200000, 0x11600000, 0x18200000)
  eden space 16384K, 100% used [0x10200000, 0x11200000, 0x11200000)
  from space 2048K,  99% used [0x11400000, 0x115fae68, 0x11600000)
  to   space 2048K,   0% used [0x11200000, 0x11200000, 0x11400000)
 concurrent mark-sweep generation total 50232K, used 36619K [0x18200000, 0x1b30e000, 0x30200000)
 concurrent-mark-sweep perm gen total 65536K, used 44764K [0x30200000, 0x34200000, 0x34200000)
Event: 358.550 GC heap after
Heap after GC invocations=104 (full 7):
 par new generation   total 18432K, used 1100K [0x10200000, 0x11600000, 0x18200000)
  eden space 16384K,   0% used [0x10200000, 0x10200000, 0x11200000)
  from space 2048K,  53% used [0x11200000, 0x113130d8, 0x11400000)
  to   space 2048K,   0% used [0x11400000, 0x11400000, 0x11600000)
 concurrent mark-sweep generation total 50232K, used 36951K [0x18200000, 0x1b30e000, 0x30200000)
 concurrent-mark-sweep perm gen total 65536K, used 44764K [0x30200000, 0x34200000, 0x34200000)
}
Event: 358.609 GC heap before
{Heap before GC invocations=104 (full 7):
 par new generation   total 18432K, used 17484K [0x10200000, 0x11600000, 0x18200000)
  eden space 16384K, 100% used [0x10200000, 0x11200000, 0x11200000)
  from space 2048K,  53% used [0x11200000, 0x113130d8, 0x11400000)
  to   space 2048K,   0% used [0x11400000, 0x11400000, 0x11600000)
 concurrent mark-sweep generation total 50232K, used 36951K [0x18200000, 0x1b30e000, 0x30200000)
 concurrent-mark-sweep perm gen total 65536K, used 44764K [0x30200000, 0x34200000, 0x34200000)
Event: 358.613 GC heap after
Heap after GC invocations=105 (full 7):
 par new generation   total 18432K, used 1885K [0x10200000, 0x11600000, 0x18200000)
  eden space 16384K,   0% used [0x10200000, 0x10200000, 0x11200000)
  from space 2048K,  92% used [0x11400000, 0x115d7720, 0x11600000)
  to   space 2048K,   0% used [0x11200000, 0x11200000, 0x11400000)
 concurrent mark-sweep generation total 50232K, used 36951K [0x18200000, 0x1b30e000, 0x30200000)
 concurrent-mark-sweep perm gen total 65536K, used 44764K [0x30200000, 0x34200000, 0x34200000)
}
Event: 358.662 GC heap before
{Heap before GC invocations=105 (full 7):
 par new generation   total 18432K, used 18269K [0x10200000, 0x11600000, 0x18200000)
  eden space 16384K, 100% used [0x10200000, 0x11200000, 0x11200000)
  from space 2048K,  92% used [0x11400000, 0x115d7720, 0x11600000)
  to   space 2048K,   0% used [0x11200000, 0x11200000, 0x11400000)
 concurrent mark-sweep generation total 50232K, used 36951K [0x18200000, 0x1b30e000, 0x30200000)
 concurrent-mark-sweep perm gen total 65536K, used 44764K [0x30200000, 0x34200000, 0x34200000)
Event: 358.666 GC heap after
Heap after GC invocations=106 (full 7):
 par new generation   total 18432K, used 1879K [0x10200000, 0x11600000, 0x18200000)
  eden space 16384K,   0% used [0x10200000, 0x10200000, 0x11200000)
  from space 2048K,  91% used [0x11200000, 0x113d5df8, 0x11400000)
  to   space 2048K,   0% used [0x11400000, 0x11400000, 0x11600000)
 concurrent mark-sweep generation total 50232K, used 37535K [0x18200000, 0x1b30e000, 0x30200000)
 concurrent-mark-sweep perm gen total 65536K, used 44764K [0x30200000, 0x34200000, 0x34200000)
}

